#
# There is insufficient memory for the Java Runtime Environment to continue.
# Native memory allocation (malloc) failed to allocate 1048576 bytes for AllocateHeap
# Possible reasons:
#   The system is out of physical RAM or swap space
#   The process is running with CompressedOops enabled, and the Java Heap may be blocking the growth of the native heap
# Possible solutions:
#   Reduce memory load on the system
#   Increase physical memory or swap space
#   Check if swap backing store is full
#   Decrease Java heap size (-Xmx/-Xms)
#   Decrease number of Java threads
#   Decrease Java thread stack sizes (-Xss)
#   Set larger code cache with -XX:ReservedCodeCacheSize=
#   JVM is running with Zero Based Compressed Oops mode in which the Java heap is
#     placed in the first 32GB address space. The Java Heap base address is the
#     maximum limit for the native heap growth. Please use -XX:HeapBaseMinAddress
#     to set the Java Heap base and to place the Java Heap above 32GB virtual address.
# This output file may be truncated or incomplete.
#
#  Out of Memory Error (t:/workspace/open/src/hotspot/share/memory/allocation.cpp:45), pid=13924, tid=10648
#
# JRE version: Java(TM) SE Runtime Environment (13.0.2+8) (build 13.0.2+8)
# Java VM: Java HotSpot(TM) 64-Bit Server VM (13.0.2+8, mixed mode, sharing, tiered, compressed oops, g1 gc, windows-amd64)
# No core dump will be written. Minidumps are not enabled by default on client versions of Windows
#

---------------  S U M M A R Y ------------

Command Line: --add-modules=javafx.base,javafx.graphics --add-reads=javafx.base=ALL-UNNAMED --add-reads=javafx.graphics=ALL-UNNAMED -javaagent:D:\Programs\IntelliJ IDEA\lib\idea_rt.jar=55787:D:\Programs\IntelliJ IDEA\bin -Dfile.encoding=UTF-8 --module-path=C:\Users\Admin\.m2\repository\org\openjfx\javafx-base\11\javafx-base-11-win.jar;C:\Users\Admin\.m2\repository\org\openjfx\javafx-graphics\11\javafx-graphics-11-win.jar;D:\Programs\InteliJ Workbench\1DV508\merge\target\classes;C:\Users\Admin\.m2\repository\mysql\mysql-connector-java\8.0.19\mysql-connector-java-8.0.19.jar;C:\Users\Admin\.m2\repository\com\google\protobuf\protobuf-java\3.6.1\protobuf-java-3.6.1.jar;C:\Users\Admin\.m2\repository\org\openjfx\javafx-controls\11\javafx-controls-11.jar;C:\Users\Admin\.m2\repository\org\openjfx\javafx-controls\11\javafx-controls-11-win.jar;C:\Users\Admin\.m2\repository\org\openjfx\javafx-graphics\11\javafx-graphics-11.jar;C:\Users\Admin\.m2\repository\org\openjfx\javafx-base\11\javafx-base-11.jar;C:\Users\Admin\.m2\repository\org\openjfx\javafx-fxml\11\javafx-fxml-11.jar;C:\Users\Admin\.m2\repository\org\openjfx\javafx-fxml\11\javafx-fxml-11-win.jar -Djdk.module.main=org.example org.example/org.example.App

Host: Intel(R) Core(TM) i7-3770 CPU @ 3.40GHz, 8 cores, 15G,  Windows 10 , 64 bit Build 18362 (10.0.18362.778)
Time: Mon Apr 27 22:08:21 2020 W. Europe Daylight Time elapsed time: 3 seconds (0d 0h 0m 3s)

---------------  T H R E A D  ---------------

Current thread (0x0000025e7f336000):  VMThread "VM Thread" [stack: 0x000000c1c6200000,0x000000c1c6300000] [id=10648]

Stack: [0x000000c1c6200000,0x000000c1c6300000]
[error occurred during error reporting (printing stack bounds), id 0xc0000005, EXCEPTION_ACCESS_VIOLATION (0xc0000005) at pc=0x0000025e000010ad]

Native frames: (J=compiled Java code, j=interpreted, Vv=VM code, C=native code)
V  [jvm.dll+0x624f9a]
V  [jvm.dll+0x770cfa]
V  [jvm.dll+0x7724af]
V  [jvm.dll+0x772a15]
V  [jvm.dll+0x7729cb]
V  [jvm.dll+0x6244df]
C  [ntdll.dll+0x785b6]
C  [ntdll.dll+0x6a056]
C  [ntdll.dll+0x9fe3e]
C  0x0000025e000010ad

VM_Operation (0x000000c1c73fbe80): CollectForMetadataAllocation, mode: safepoint, requested by thread 0x0000025e0ff30800


---------------  P R O C E S S  ---------------

Threads class SMR info:
_java_thread_list=0x0000025e19c8bfa0, length=20, elements={
0x0000025e6878e000, 0x0000025e7f337000, 0x0000025e7f33c000, 0x0000025e7f34d800,
0x0000025e7fbd7800, 0x0000025e7fbd9000, 0x0000025e7fbda000, 0x0000025e7fbdd000,
0x0000025e7f31e800, 0x0000025e0fac4800, 0x0000025e7fd15800, 0x0000025e0fe0a000,
0x0000025e10490000, 0x0000025e0ff30800, 0x0000025e7fdf8000, 0x0000025e108dd000,
0x0000025e19778000, 0x0000025e1afa0800, 0x0000025e1ae01800, 0x0000025e1b0a0800
}

Java Threads: ( => current thread )
  0x0000025e6878e000 JavaThread "main" [_thread_blocked, id=4484, stack(0x000000c1c5c00000,0x000000c1c5d00000)]
  0x0000025e7f337000 JavaThread "Reference Handler" daemon [_thread_blocked, id=3656, stack(0x000000c1c6300000,0x000000c1c6400000)]
  0x0000025e7f33c000 JavaThread "Finalizer" daemon [_thread_blocked, id=12292, stack(0x000000c1c6400000,0x000000c1c6500000)]
  0x0000025e7f34d800 JavaThread "Signal Dispatcher" daemon [_thread_blocked, id=10676, stack(0x000000c1c6500000,0x000000c1c6600000)]
  0x0000025e7fbd7800 JavaThread "Attach Listener" daemon [_thread_blocked, id=11792, stack(0x000000c1c6600000,0x000000c1c6700000)]
  0x0000025e7fbd9000 JavaThread "C2 CompilerThread0" daemon [_thread_blocked, id=15600, stack(0x000000c1c6700000,0x000000c1c6800000)]
  0x0000025e7fbda000 JavaThread "C1 CompilerThread0" daemon [_thread_blocked, id=11784, stack(0x000000c1c6800000,0x000000c1c6900000)]
  0x0000025e7fbdd000 JavaThread "Sweeper thread" daemon [_thread_blocked, id=4000, stack(0x000000c1c6900000,0x000000c1c6a00000)]
  0x0000025e7f31e800 JavaThread "Common-Cleaner" daemon [_thread_blocked, id=8020, stack(0x000000c1c6a00000,0x000000c1c6b00000)]
  0x0000025e0fac4800 JavaThread "Monitor Ctrl-Break" daemon [_thread_in_native, id=7624, stack(0x000000c1c6d00000,0x000000c1c6e00000)]
  0x0000025e7fd15800 JavaThread "Service Thread" daemon [_thread_blocked, id=15612, stack(0x000000c1c6e00000,0x000000c1c6f00000)]
  0x0000025e0fe0a000 JavaThread "QuantumRenderer-0" daemon [_thread_blocked, id=9080, stack(0x000000c1c7000000,0x000000c1c7100000)]
  0x0000025e10490000 JavaThread "InvokeLaterDispatcher" daemon [_thread_blocked, id=9464, stack(0x000000c1c7200000,0x000000c1c7300000)]
  0x0000025e0ff30800 JavaThread "JavaFX Application Thread" [_thread_blocked, id=15984, stack(0x000000c1c7300000,0x000000c1c7400000)]
  0x0000025e7fdf8000 JavaThread "Thread-1" daemon [_thread_blocked, id=10308, stack(0x000000c1c6b00000,0x000000c1c6c00000)]
  0x0000025e108dd000 JavaThread "JavaFX-Launcher" [_thread_blocked, id=2384, stack(0x000000c1c6c00000,0x000000c1c6d00000)]
  0x0000025e19778000 JavaThread "Prism Font Disposer" daemon [_thread_blocked, id=6276, stack(0x000000c1c7e10000,0x000000c1c7f10000)]
  0x0000025e1afa0800 JavaThread "Cleaner-0" daemon [_thread_blocked, id=14624, stack(0x000000c1c7f50000,0x000000c1c8050000)]
  0x0000025e1ae01800 JavaThread "C2 CompilerThread1" daemon [_thread_blocked, id=812, stack(0x000000c1c7a10000,0x000000c1c7b10000)]
  0x0000025e1b0a0800 JavaThread "Keep-Alive-Timer" daemon [_thread_blocked, id=5488, stack(0x000000c1c8060000,0x000000c1c8160000)]

Other Threads:
=>0x0000025e7f336000 VMThread "VM Thread" [stack: 0x000000c1c6200000,0x000000c1c6300000] [id=10648]
  0x0000025e0fe01800 WatcherThread [stack: 0x000000c1c6f00000,0x000000c1c7000000] [id=4528]
  0x0000025e687fc000 GCTaskThread "GC Thread#0" [stack: 0x000000c1c5d00000,0x000000c1c5e00000] [id=15044]
  0x0000025e1085c000 GCTaskThread "GC Thread#1" [stack: 0x000000c1c7510000,0x000000c1c7610000] [id=16064]
  0x0000025e1087b000 GCTaskThread "GC Thread#2" [stack: 0x000000c1c7610000,0x000000c1c7710000] [id=264]
  0x0000025e1087c000 GCTaskThread "GC Thread#3" [stack: 0x000000c1c7710000,0x000000c1c7810000] [id=3620]
  0x0000025e1087c800 GCTaskThread "GC Thread#4" [stack: 0x000000c1c7810000,0x000000c1c7910000] [id=15276]
  0x0000025e108d2000 GCTaskThread "GC Thread#5" [stack: 0x000000c1c7910000,0x000000c1c7a10000] [id=1480]
  0x0000025e6881e800 ConcurrentGCThread "G1 Main Marker" [stack: 0x000000c1c5e00000,0x000000c1c5f00000] [id=5088]
  0x0000025e68820000 ConcurrentGCThread "G1 Conc#0" [stack: 0x000000c1c5f00000,0x000000c1c6000000] [id=5188]
  0x0000025e7f232800 ConcurrentGCThread "G1 Refine#0" [stack: 0x000000c1c6000000,0x000000c1c6100000] [id=8836]
  0x0000025e7f234800 ConcurrentGCThread "G1 Young RemSet Sampling" [stack: 0x000000c1c6100000,0x000000c1c6200000] [id=12960]

Threads with active compile tasks:
C1 CompilerThread0     3508 2384   !   3       java.lang.invoke.MethodHandles$Lookup::revealDirect (211 bytes)
C2 CompilerThread1     3508 2377   !   4       java.util.concurrent.ConcurrentHashMap::transfer (849 bytes)

VM state:at safepoint (normal execution)

VM Mutex/Monitor currently owned by a thread:  ([mutex/lock_event])
[0x0000025e6878b4e0] Threads_lock - owner thread: 0x0000025e7f336000
[0x0000025e68789dd0] Heap_lock - owner thread: 0x0000025e0ff30800

Heap address: 0x0000000701000000, size: 4080 MB, Compressed Oops mode: Zero based, Oop shift amount: 3
Narrow klass base: 0x0000000800000000, Narrow klass shift: 3
Compressed class space size: 1073741824 Address: 0x0000000800b40000

Heap:
 garbage-first heap   total 262144K, used 17588K [0x0000000701000000, 0x0000000800000000)
  region size 1024K, 9 young (9216K), 9 survivors (9216K)
 Metaspace       used 20155K, capacity 20815K, committed 20864K, reserved 1083392K
  class space    used 2622K, capacity 2895K, committed 2944K, reserved 1048576K
Heap Regions: E=young(eden), S=young(survivor), O=old, HS=humongous(starts), HC=humongous(continues), CS=collection set, F=free, A=archive, TAMS=top-at-mark-start (previous, next)
|   0|0x0000000701000000, 0x00000007010e6000, 0x0000000701100000| 89%| O|  |TAMS 0x0000000701000000, 0x00000007010e6000| Untracked 
|   1|0x0000000701100000, 0x0000000701200000, 0x0000000701200000|100%|HS|  |TAMS 0x0000000701100000, 0x0000000701200000| Complete 
|   2|0x0000000701200000, 0x0000000701300000, 0x0000000701300000|100%|HC|  |TAMS 0x0000000701200000, 0x0000000701300000| Complete 
|   3|0x0000000701300000, 0x0000000701400000, 0x0000000701400000|100%|HC|  |TAMS 0x0000000701300000, 0x0000000701400000| Complete 
|   4|0x0000000701400000, 0x0000000701500000, 0x0000000701500000|100%|HS|  |TAMS 0x0000000701400000, 0x0000000701500000| Complete 
|   5|0x0000000701500000, 0x0000000701600000, 0x0000000701600000|100%|HC|  |TAMS 0x0000000701500000, 0x0000000701600000| Complete 
|   6|0x0000000701600000, 0x0000000701700000, 0x0000000701700000|100%|HS|  |TAMS 0x0000000701600000, 0x0000000701700000| Complete 
|   7|0x0000000701700000, 0x0000000701800000, 0x0000000701800000|100%|HC|  |TAMS 0x0000000701700000, 0x0000000701800000| Complete 
|   8|0x0000000701800000, 0x0000000701900000, 0x0000000701900000|100%|HC|  |TAMS 0x0000000701800000, 0x0000000701900000| Complete 
|   9|0x0000000701900000, 0x0000000701900000, 0x0000000701a00000|  0%| F|  |TAMS 0x0000000701900000, 0x0000000701900000| Untracked 
|  10|0x0000000701a00000, 0x0000000701a00000, 0x0000000701b00000|  0%| F|  |TAMS 0x0000000701a00000, 0x0000000701a00000| Untracked 
|  11|0x0000000701b00000, 0x0000000701b00000, 0x0000000701c00000|  0%| F|  |TAMS 0x0000000701b00000, 0x0000000701b00000| Untracked 
|  12|0x0000000701c00000, 0x0000000701c00000, 0x0000000701d00000|  0%| F|  |TAMS 0x0000000701c00000, 0x0000000701c00000| Untracked 
|  13|0x0000000701d00000, 0x0000000701d00000, 0x0000000701e00000|  0%| F|  |TAMS 0x0000000701d00000, 0x0000000701d00000| Untracked 
|  14|0x0000000701e00000, 0x0000000701e00000, 0x0000000701f00000|  0%| F|  |TAMS 0x0000000701e00000, 0x0000000701e00000| Untracked 
|  15|0x0000000701f00000, 0x0000000701f00000, 0x0000000702000000|  0%| F|  |TAMS 0x0000000701f00000, 0x0000000701f00000| Untracked 
|  16|0x0000000702000000, 0x0000000702000000, 0x0000000702100000|  0%| F|  |TAMS 0x0000000702000000, 0x0000000702000000| Untracked 
|  17|0x0000000702100000, 0x0000000702100000, 0x0000000702200000|  0%| F|  |TAMS 0x0000000702100000, 0x0000000702100000| Untracked 
|  18|0x0000000702200000, 0x0000000702200000, 0x0000000702300000|  0%| F|  |TAMS 0x0000000702200000, 0x0000000702200000| Untracked 
|  19|0x0000000702300000, 0x0000000702300000, 0x0000000702400000|  0%| F|  |TAMS 0x0000000702300000, 0x0000000702300000| Untracked 
|  20|0x0000000702400000, 0x0000000702400000, 0x0000000702500000|  0%| F|  |TAMS 0x0000000702400000, 0x0000000702400000| Untracked 
|  21|0x0000000702500000, 0x0000000702500000, 0x0000000702600000|  0%| F|  |TAMS 0x0000000702500000, 0x0000000702500000| Untracked 
|  22|0x0000000702600000, 0x0000000702600000, 0x0000000702700000|  0%| F|  |TAMS 0x0000000702600000, 0x0000000702600000| Untracked 
|  23|0x0000000702700000, 0x0000000702700000, 0x0000000702800000|  0%| F|  |TAMS 0x0000000702700000, 0x0000000702700000| Untracked 
|  24|0x0000000702800000, 0x0000000702800000, 0x0000000702900000|  0%| F|  |TAMS 0x0000000702800000, 0x0000000702800000| Untracked 
|  25|0x0000000702900000, 0x0000000702900000, 0x0000000702a00000|  0%| F|  |TAMS 0x0000000702900000, 0x0000000702900000| Untracked 
|  26|0x0000000702a00000, 0x0000000702a00000, 0x0000000702b00000|  0%| F|  |TAMS 0x0000000702a00000, 0x0000000702a00000| Untracked 
|  27|0x0000000702b00000, 0x0000000702b00000, 0x0000000702c00000|  0%| F|  |TAMS 0x0000000702b00000, 0x0000000702b00000| Untracked 
|  28|0x0000000702c00000, 0x0000000702c00000, 0x0000000702d00000|  0%| F|  |TAMS 0x0000000702c00000, 0x0000000702c00000| Untracked 
|  29|0x0000000702d00000, 0x0000000702d00000, 0x0000000702e00000|  0%| F|  |TAMS 0x0000000702d00000, 0x0000000702d00000| Untracked 
|  30|0x0000000702e00000, 0x0000000702e00000, 0x0000000702f00000|  0%| F|  |TAMS 0x0000000702e00000, 0x0000000702e00000| Untracked 
|  31|0x0000000702f00000, 0x0000000702f00000, 0x0000000703000000|  0%| F|  |TAMS 0x0000000702f00000, 0x0000000702f00000| Untracked 
|  32|0x0000000703000000, 0x0000000703000000, 0x0000000703100000|  0%| F|  |TAMS 0x0000000703000000, 0x0000000703000000| Untracked 
|  33|0x0000000703100000, 0x0000000703100000, 0x0000000703200000|  0%| F|  |TAMS 0x0000000703100000, 0x0000000703100000| Untracked 
|  34|0x0000000703200000, 0x0000000703200000, 0x0000000703300000|  0%| F|  |TAMS 0x0000000703200000, 0x0000000703200000| Untracked 
|  35|0x0000000703300000, 0x0000000703300000, 0x0000000703400000|  0%| F|  |TAMS 0x0000000703300000, 0x0000000703300000| Untracked 
|  36|0x0000000703400000, 0x0000000703400000, 0x0000000703500000|  0%| F|  |TAMS 0x0000000703400000, 0x0000000703400000| Untracked 
|  37|0x0000000703500000, 0x0000000703500000, 0x0000000703600000|  0%| F|  |TAMS 0x0000000703500000, 0x0000000703500000| Untracked 
|  38|0x0000000703600000, 0x0000000703600000, 0x0000000703700000|  0%| F|  |TAMS 0x0000000703600000, 0x0000000703600000| Untracked 
|  39|0x0000000703700000, 0x0000000703700000, 0x0000000703800000|  0%| F|  |TAMS 0x0000000703700000, 0x0000000703700000| Untracked 
|  40|0x0000000703800000, 0x0000000703800000, 0x0000000703900000|  0%| F|  |TAMS 0x0000000703800000, 0x0000000703800000| Untracked 
|  41|0x0000000703900000, 0x0000000703900000, 0x0000000703a00000|  0%| F|  |TAMS 0x0000000703900000, 0x0000000703900000| Untracked 
|  42|0x0000000703a00000, 0x0000000703a00000, 0x0000000703b00000|  0%| F|  |TAMS 0x0000000703a00000, 0x0000000703a00000| Untracked 
|  43|0x0000000703b00000, 0x0000000703b00000, 0x0000000703c00000|  0%| F|  |TAMS 0x0000000703b00000, 0x0000000703b00000| Untracked 
|  44|0x0000000703c00000, 0x0000000703c00000, 0x0000000703d00000|  0%| F|  |TAMS 0x0000000703c00000, 0x0000000703c00000| Untracked 
|  45|0x0000000703d00000, 0x0000000703d00000, 0x0000000703e00000|  0%| F|  |TAMS 0x0000000703d00000, 0x0000000703d00000| Untracked 
|  46|0x0000000703e00000, 0x0000000703e00000, 0x0000000703f00000|  0%| F|  |TAMS 0x0000000703e00000, 0x0000000703e00000| Untracked 
|  47|0x0000000703f00000, 0x0000000703f00000, 0x0000000704000000|  0%| F|  |TAMS 0x0000000703f00000, 0x0000000703f00000| Untracked 
|  48|0x0000000704000000, 0x0000000704000000, 0x0000000704100000|  0%| F|  |TAMS 0x0000000704000000, 0x0000000704000000| Untracked 
|  49|0x0000000704100000, 0x0000000704100000, 0x0000000704200000|  0%| F|  |TAMS 0x0000000704100000, 0x0000000704100000| Untracked 
|  50|0x0000000704200000, 0x0000000704200000, 0x0000000704300000|  0%| F|  |TAMS 0x0000000704200000, 0x0000000704200000| Untracked 
|  51|0x0000000704300000, 0x0000000704300000, 0x0000000704400000|  0%| F|  |TAMS 0x0000000704300000, 0x0000000704300000| Untracked 
|  52|0x0000000704400000, 0x0000000704400000, 0x0000000704500000|  0%| F|  |TAMS 0x0000000704400000, 0x0000000704400000| Untracked 
|  53|0x0000000704500000, 0x0000000704500000, 0x0000000704600000|  0%| F|  |TAMS 0x0000000704500000, 0x0000000704500000| Untracked 
|  54|0x0000000704600000, 0x0000000704600000, 0x0000000704700000|  0%| F|  |TAMS 0x0000000704600000, 0x0000000704600000| Untracked 
|  55|0x0000000704700000, 0x0000000704700000, 0x0000000704800000|  0%| F|  |TAMS 0x0000000704700000, 0x0000000704700000| Untracked 
|  56|0x0000000704800000, 0x0000000704800000, 0x0000000704900000|  0%| F|  |TAMS 0x0000000704800000, 0x0000000704800000| Untracked 
|  57|0x0000000704900000, 0x0000000704900000, 0x0000000704a00000|  0%| F|  |TAMS 0x0000000704900000, 0x0000000704900000| Untracked 
|  58|0x0000000704a00000, 0x0000000704a00000, 0x0000000704b00000|  0%| F|  |TAMS 0x0000000704a00000, 0x0000000704a00000| Untracked 
|  59|0x0000000704b00000, 0x0000000704b00000, 0x0000000704c00000|  0%| F|  |TAMS 0x0000000704b00000, 0x0000000704b00000| Untracked 
|  60|0x0000000704c00000, 0x0000000704c00000, 0x0000000704d00000|  0%| F|  |TAMS 0x0000000704c00000, 0x0000000704c00000| Untracked 
|  61|0x0000000704d00000, 0x0000000704d00000, 0x0000000704e00000|  0%| F|  |TAMS 0x0000000704d00000, 0x0000000704d00000| Untracked 
|  62|0x0000000704e00000, 0x0000000704e00000, 0x0000000704f00000|  0%| F|  |TAMS 0x0000000704e00000, 0x0000000704e00000| Untracked 
|  63|0x0000000704f00000, 0x0000000704f00000, 0x0000000705000000|  0%| F|  |TAMS 0x0000000704f00000, 0x0000000704f00000| Untracked 
|  64|0x0000000705000000, 0x0000000705000000, 0x0000000705100000|  0%| F|  |TAMS 0x0000000705000000, 0x0000000705000000| Untracked 
|  65|0x0000000705100000, 0x0000000705100000, 0x0000000705200000|  0%| F|  |TAMS 0x0000000705100000, 0x0000000705100000| Untracked 
|  66|0x0000000705200000, 0x0000000705200000, 0x0000000705300000|  0%| F|  |TAMS 0x0000000705200000, 0x0000000705200000| Untracked 
|  67|0x0000000705300000, 0x0000000705300000, 0x0000000705400000|  0%| F|  |TAMS 0x0000000705300000, 0x0000000705300000| Untracked 
|  68|0x0000000705400000, 0x0000000705400000, 0x0000000705500000|  0%| F|  |TAMS 0x0000000705400000, 0x0000000705400000| Untracked 
|  69|0x0000000705500000, 0x0000000705500000, 0x0000000705600000|  0%| F|  |TAMS 0x0000000705500000, 0x0000000705500000| Untracked 
|  70|0x0000000705600000, 0x0000000705600000, 0x0000000705700000|  0%| F|  |TAMS 0x0000000705600000, 0x0000000705600000| Untracked 
|  71|0x0000000705700000, 0x0000000705700000, 0x0000000705800000|  0%| F|  |TAMS 0x0000000705700000, 0x0000000705700000| Untracked 
|  72|0x0000000705800000, 0x0000000705800000, 0x0000000705900000|  0%| F|  |TAMS 0x0000000705800000, 0x0000000705800000| Untracked 
|  73|0x0000000705900000, 0x0000000705900000, 0x0000000705a00000|  0%| F|  |TAMS 0x0000000705900000, 0x0000000705900000| Untracked 
|  74|0x0000000705a00000, 0x0000000705a00000, 0x0000000705b00000|  0%| F|  |TAMS 0x0000000705a00000, 0x0000000705a00000| Untracked 
|  75|0x0000000705b00000, 0x0000000705b00000, 0x0000000705c00000|  0%| F|  |TAMS 0x0000000705b00000, 0x0000000705b00000| Untracked 
|  76|0x0000000705c00000, 0x0000000705c00000, 0x0000000705d00000|  0%| F|  |TAMS 0x0000000705c00000, 0x0000000705c00000| Untracked 
|  77|0x0000000705d00000, 0x0000000705d00000, 0x0000000705e00000|  0%| F|  |TAMS 0x0000000705d00000, 0x0000000705d00000| Untracked 
|  78|0x0000000705e00000, 0x0000000705e00000, 0x0000000705f00000|  0%| F|  |TAMS 0x0000000705e00000, 0x0000000705e00000| Untracked 
|  79|0x0000000705f00000, 0x0000000705f00000, 0x0000000706000000|  0%| F|  |TAMS 0x0000000705f00000, 0x0000000705f00000| Untracked 
|  80|0x0000000706000000, 0x0000000706000000, 0x0000000706100000|  0%| F|  |TAMS 0x0000000706000000, 0x0000000706000000| Untracked 
|  81|0x0000000706100000, 0x0000000706100000, 0x0000000706200000|  0%| F|  |TAMS 0x0000000706100000, 0x0000000706100000| Untracked 
|  82|0x0000000706200000, 0x0000000706200000, 0x0000000706300000|  0%| F|  |TAMS 0x0000000706200000, 0x0000000706200000| Untracked 
|  83|0x0000000706300000, 0x0000000706300000, 0x0000000706400000|  0%| F|  |TAMS 0x0000000706300000, 0x0000000706300000| Untracked 
|  84|0x0000000706400000, 0x0000000706400000, 0x0000000706500000|  0%| F|  |TAMS 0x0000000706400000, 0x0000000706400000| Untracked 
|  85|0x0000000706500000, 0x0000000706500000, 0x0000000706600000|  0%| F|  |TAMS 0x0000000706500000, 0x0000000706500000| Untracked 
|  86|0x0000000706600000, 0x0000000706600000, 0x0000000706700000|  0%| F|  |TAMS 0x0000000706600000, 0x0000000706600000| Untracked 
|  87|0x0000000706700000, 0x0000000706700000, 0x0000000706800000|  0%| F|  |TAMS 0x0000000706700000, 0x0000000706700000| Untracked 
|  88|0x0000000706800000, 0x0000000706800000, 0x0000000706900000|  0%| F|  |TAMS 0x0000000706800000, 0x0000000706800000| Untracked 
|  89|0x0000000706900000, 0x0000000706900000, 0x0000000706a00000|  0%| F|  |TAMS 0x0000000706900000, 0x0000000706900000| Untracked 
|  90|0x0000000706a00000, 0x0000000706a00000, 0x0000000706b00000|  0%| F|  |TAMS 0x0000000706a00000, 0x0000000706a00000| Untracked 
|  91|0x0000000706b00000, 0x0000000706b00000, 0x0000000706c00000|  0%| F|  |TAMS 0x0000000706b00000, 0x0000000706b00000| Untracked 
|  92|0x0000000706c00000, 0x0000000706c00000, 0x0000000706d00000|  0%| F|  |TAMS 0x0000000706c00000, 0x0000000706c00000| Untracked 
|  93|0x0000000706d00000, 0x0000000706d00000, 0x0000000706e00000|  0%| F|  |TAMS 0x0000000706d00000, 0x0000000706d00000| Untracked 
|  94|0x0000000706e00000, 0x0000000706e00000, 0x0000000706f00000|  0%| F|  |TAMS 0x0000000706e00000, 0x0000000706e00000| Untracked 
|  95|0x0000000706f00000, 0x0000000706f00000, 0x0000000707000000|  0%| F|  |TAMS 0x0000000706f00000, 0x0000000706f00000| Untracked 
|  96|0x0000000707000000, 0x0000000707000000, 0x0000000707100000|  0%| F|  |TAMS 0x0000000707000000, 0x0000000707000000| Untracked 
|  97|0x0000000707100000, 0x0000000707100000, 0x0000000707200000|  0%| F|  |TAMS 0x0000000707100000, 0x0000000707100000| Untracked 
|  98|0x0000000707200000, 0x0000000707200000, 0x0000000707300000|  0%| F|  |TAMS 0x0000000707200000, 0x0000000707200000| Untracked 
|  99|0x0000000707300000, 0x0000000707300000, 0x0000000707400000|  0%| F|  |TAMS 0x0000000707300000, 0x0000000707300000| Untracked 
| 100|0x0000000707400000, 0x0000000707400000, 0x0000000707500000|  0%| F|  |TAMS 0x0000000707400000, 0x0000000707400000| Untracked 
| 101|0x0000000707500000, 0x0000000707500000, 0x0000000707600000|  0%| F|  |TAMS 0x0000000707500000, 0x0000000707500000| Untracked 
| 102|0x0000000707600000, 0x0000000707600000, 0x0000000707700000|  0%| F|  |TAMS 0x0000000707600000, 0x0000000707600000| Untracked 
| 103|0x0000000707700000, 0x0000000707700000, 0x0000000707800000|  0%| F|  |TAMS 0x0000000707700000, 0x0000000707700000| Untracked 
| 104|0x0000000707800000, 0x0000000707800000, 0x0000000707900000|  0%| F|  |TAMS 0x0000000707800000, 0x0000000707800000| Untracked 
| 105|0x0000000707900000, 0x0000000707900000, 0x0000000707a00000|  0%| F|  |TAMS 0x0000000707900000, 0x0000000707900000| Untracked 
| 106|0x0000000707a00000, 0x0000000707a00000, 0x0000000707b00000|  0%| F|  |TAMS 0x0000000707a00000, 0x0000000707a00000| Untracked 
| 107|0x0000000707b00000, 0x0000000707b00000, 0x0000000707c00000|  0%| F|  |TAMS 0x0000000707b00000, 0x0000000707b00000| Untracked 
| 108|0x0000000707c00000, 0x0000000707c00000, 0x0000000707d00000|  0%| F|  |TAMS 0x0000000707c00000, 0x0000000707c00000| Untracked 
| 109|0x0000000707d00000, 0x0000000707d00000, 0x0000000707e00000|  0%| F|  |TAMS 0x0000000707d00000, 0x0000000707d00000| Untracked 
| 110|0x0000000707e00000, 0x0000000707e00000, 0x0000000707f00000|  0%| F|  |TAMS 0x0000000707e00000, 0x0000000707e00000| Untracked 
| 111|0x0000000707f00000, 0x0000000707f00000, 0x0000000708000000|  0%| F|  |TAMS 0x0000000707f00000, 0x0000000707f00000| Untracked 
| 112|0x0000000708000000, 0x0000000708000000, 0x0000000708100000|  0%| F|  |TAMS 0x0000000708000000, 0x0000000708000000| Untracked 
| 113|0x0000000708100000, 0x0000000708100000, 0x0000000708200000|  0%| F|  |TAMS 0x0000000708100000, 0x0000000708100000| Untracked 
| 114|0x0000000708200000, 0x0000000708200000, 0x0000000708300000|  0%| F|  |TAMS 0x0000000708200000, 0x0000000708200000| Untracked 
| 115|0x0000000708300000, 0x0000000708300000, 0x0000000708400000|  0%| F|  |TAMS 0x0000000708300000, 0x0000000708300000| Untracked 
| 116|0x0000000708400000, 0x0000000708400000, 0x0000000708500000|  0%| F|  |TAMS 0x0000000708400000, 0x0000000708400000| Untracked 
| 117|0x0000000708500000, 0x0000000708500000, 0x0000000708600000|  0%| F|  |TAMS 0x0000000708500000, 0x0000000708500000| Untracked 
| 118|0x0000000708600000, 0x0000000708600000, 0x0000000708700000|  0%| F|  |TAMS 0x0000000708600000, 0x0000000708600000| Untracked 
| 119|0x0000000708700000, 0x0000000708700000, 0x0000000708800000|  0%| F|  |TAMS 0x0000000708700000, 0x0000000708700000| Untracked 
| 120|0x0000000708800000, 0x0000000708800000, 0x0000000708900000|  0%| F|  |TAMS 0x0000000708800000, 0x0000000708800000| Untracked 
| 121|0x0000000708900000, 0x0000000708900000, 0x0000000708a00000|  0%| F|  |TAMS 0x0000000708900000, 0x0000000708900000| Untracked 
| 122|0x0000000708a00000, 0x0000000708a00000, 0x0000000708b00000|  0%| F|  |TAMS 0x0000000708a00000, 0x0000000708a00000| Untracked 
| 123|0x0000000708b00000, 0x0000000708b00000, 0x0000000708c00000|  0%| F|  |TAMS 0x0000000708b00000, 0x0000000708b00000| Untracked 
| 124|0x0000000708c00000, 0x0000000708c00000, 0x0000000708d00000|  0%| F|  |TAMS 0x0000000708c00000, 0x0000000708c00000| Untracked 
| 125|0x0000000708d00000, 0x0000000708d00000, 0x0000000708e00000|  0%| F|  |TAMS 0x0000000708d00000, 0x0000000708d00000| Untracked 
| 126|0x0000000708e00000, 0x0000000708e00000, 0x0000000708f00000|  0%| F|  |TAMS 0x0000000708e00000, 0x0000000708e00000| Untracked 
| 127|0x0000000708f00000, 0x0000000708f00000, 0x0000000709000000|  0%| F|  |TAMS 0x0000000708f00000, 0x0000000708f00000| Untracked 
| 128|0x0000000709000000, 0x0000000709000000, 0x0000000709100000|  0%| F|  |TAMS 0x0000000709000000, 0x0000000709000000| Untracked 
| 129|0x0000000709100000, 0x0000000709100000, 0x0000000709200000|  0%| F|  |TAMS 0x0000000709100000, 0x0000000709100000| Untracked 
| 130|0x0000000709200000, 0x0000000709200000, 0x0000000709300000|  0%| F|  |TAMS 0x0000000709200000, 0x0000000709200000| Untracked 
| 131|0x0000000709300000, 0x0000000709300000, 0x0000000709400000|  0%| F|  |TAMS 0x0000000709300000, 0x0000000709300000| Untracked 
| 132|0x0000000709400000, 0x0000000709400000, 0x0000000709500000|  0%| F|  |TAMS 0x0000000709400000, 0x0000000709400000| Untracked 
| 133|0x0000000709500000, 0x0000000709500000, 0x0000000709600000|  0%| F|  |TAMS 0x0000000709500000, 0x0000000709500000| Untracked 
| 134|0x0000000709600000, 0x0000000709600000, 0x0000000709700000|  0%| F|  |TAMS 0x0000000709600000, 0x0000000709600000| Untracked 
| 135|0x0000000709700000, 0x0000000709700000, 0x0000000709800000|  0%| F|  |TAMS 0x0000000709700000, 0x0000000709700000| Untracked 
| 136|0x0000000709800000, 0x0000000709800000, 0x0000000709900000|  0%| F|  |TAMS 0x0000000709800000, 0x0000000709800000| Untracked 
| 137|0x0000000709900000, 0x0000000709900000, 0x0000000709a00000|  0%| F|  |TAMS 0x0000000709900000, 0x0000000709900000| Untracked 
| 138|0x0000000709a00000, 0x0000000709a00000, 0x0000000709b00000|  0%| F|  |TAMS 0x0000000709a00000, 0x0000000709a00000| Untracked 
| 139|0x0000000709b00000, 0x0000000709b00000, 0x0000000709c00000|  0%| F|  |TAMS 0x0000000709b00000, 0x0000000709b00000| Untracked 
| 140|0x0000000709c00000, 0x0000000709c00000, 0x0000000709d00000|  0%| F|  |TAMS 0x0000000709c00000, 0x0000000709c00000| Untracked 
| 141|0x0000000709d00000, 0x0000000709d00000, 0x0000000709e00000|  0%| F|  |TAMS 0x0000000709d00000, 0x0000000709d00000| Untracked 
| 142|0x0000000709e00000, 0x0000000709e00000, 0x0000000709f00000|  0%| F|  |TAMS 0x0000000709e00000, 0x0000000709e00000| Untracked 
| 143|0x0000000709f00000, 0x0000000709f00000, 0x000000070a000000|  0%| F|  |TAMS 0x0000000709f00000, 0x0000000709f00000| Untracked 
| 144|0x000000070a000000, 0x000000070a000000, 0x000000070a100000|  0%| F|  |TAMS 0x000000070a000000, 0x000000070a000000| Untracked 
| 145|0x000000070a100000, 0x000000070a100000, 0x000000070a200000|  0%| F|  |TAMS 0x000000070a100000, 0x000000070a100000| Untracked 
| 146|0x000000070a200000, 0x000000070a200000, 0x000000070a300000|  0%| F|  |TAMS 0x000000070a200000, 0x000000070a200000| Untracked 
| 147|0x000000070a300000, 0x000000070a300000, 0x000000070a400000|  0%| F|  |TAMS 0x000000070a300000, 0x000000070a300000| Untracked 
| 148|0x000000070a400000, 0x000000070a400000, 0x000000070a500000|  0%| F|  |TAMS 0x000000070a400000, 0x000000070a400000| Untracked 
| 149|0x000000070a500000, 0x000000070a500000, 0x000000070a600000|  0%| F|  |TAMS 0x000000070a500000, 0x000000070a500000| Untracked 
| 150|0x000000070a600000, 0x000000070a600000, 0x000000070a700000|  0%| F|  |TAMS 0x000000070a600000, 0x000000070a600000| Untracked 
| 151|0x000000070a700000, 0x000000070a700000, 0x000000070a800000|  0%| F|  |TAMS 0x000000070a700000, 0x000000070a700000| Untracked 
| 152|0x000000070a800000, 0x000000070a800000, 0x000000070a900000|  0%| F|  |TAMS 0x000000070a800000, 0x000000070a800000| Untracked 
| 153|0x000000070a900000, 0x000000070a900000, 0x000000070aa00000|  0%| F|  |TAMS 0x000000070a900000, 0x000000070a900000| Untracked 
| 154|0x000000070aa00000, 0x000000070aa00000, 0x000000070ab00000|  0%| F|  |TAMS 0x000000070aa00000, 0x000000070aa00000| Untracked 
| 155|0x000000070ab00000, 0x000000070ab00000, 0x000000070ac00000|  0%| F|  |TAMS 0x000000070ab00000, 0x000000070ab00000| Untracked 
| 156|0x000000070ac00000, 0x000000070ac00000, 0x000000070ad00000|  0%| F|  |TAMS 0x000000070ac00000, 0x000000070ac00000| Untracked 
| 157|0x000000070ad00000, 0x000000070ad00000, 0x000000070ae00000|  0%| F|  |TAMS 0x000000070ad00000, 0x000000070ad00000| Untracked 
| 158|0x000000070ae00000, 0x000000070ae00000, 0x000000070af00000|  0%| F|  |TAMS 0x000000070ae00000, 0x000000070ae00000| Untracked 
| 159|0x000000070af00000, 0x000000070af00000, 0x000000070b000000|  0%| F|  |TAMS 0x000000070af00000, 0x000000070af00000| Untracked 
| 160|0x000000070b000000, 0x000000070b000000, 0x000000070b100000|  0%| F|  |TAMS 0x000000070b000000, 0x000000070b000000| Untracked 
| 161|0x000000070b100000, 0x000000070b100000, 0x000000070b200000|  0%| F|  |TAMS 0x000000070b100000, 0x000000070b100000| Untracked 
| 162|0x000000070b200000, 0x000000070b200000, 0x000000070b300000|  0%| F|  |TAMS 0x000000070b200000, 0x000000070b200000| Untracked 
| 163|0x000000070b300000, 0x000000070b300000, 0x000000070b400000|  0%| F|  |TAMS 0x000000070b300000, 0x000000070b300000| Untracked 
| 164|0x000000070b400000, 0x000000070b400000, 0x000000070b500000|  0%| F|  |TAMS 0x000000070b400000, 0x000000070b400000| Untracked 
| 165|0x000000070b500000, 0x000000070b500000, 0x000000070b600000|  0%| F|  |TAMS 0x000000070b500000, 0x000000070b500000| Untracked 
| 166|0x000000070b600000, 0x000000070b600000, 0x000000070b700000|  0%| F|  |TAMS 0x000000070b600000, 0x000000070b600000| Untracked 
| 167|0x000000070b700000, 0x000000070b700000, 0x000000070b800000|  0%| F|  |TAMS 0x000000070b700000, 0x000000070b700000| Untracked 
| 168|0x000000070b800000, 0x000000070b800000, 0x000000070b900000|  0%| F|  |TAMS 0x000000070b800000, 0x000000070b800000| Untracked 
| 169|0x000000070b900000, 0x000000070b900000, 0x000000070ba00000|  0%| F|  |TAMS 0x000000070b900000, 0x000000070b900000| Untracked 
| 170|0x000000070ba00000, 0x000000070ba00000, 0x000000070bb00000|  0%| F|  |TAMS 0x000000070ba00000, 0x000000070ba00000| Untracked 
| 171|0x000000070bb00000, 0x000000070bb00000, 0x000000070bc00000|  0%| F|  |TAMS 0x000000070bb00000, 0x000000070bb00000| Untracked 
| 172|0x000000070bc00000, 0x000000070bc00000, 0x000000070bd00000|  0%| F|  |TAMS 0x000000070bc00000, 0x000000070bc00000| Untracked 
| 173|0x000000070bd00000, 0x000000070bd00000, 0x000000070be00000|  0%| F|  |TAMS 0x000000070bd00000, 0x000000070bd00000| Untracked 
| 174|0x000000070be00000, 0x000000070be00000, 0x000000070bf00000|  0%| F|  |TAMS 0x000000070be00000, 0x000000070be00000| Untracked 
| 175|0x000000070bf00000, 0x000000070bf00000, 0x000000070c000000|  0%| F|  |TAMS 0x000000070bf00000, 0x000000070bf00000| Untracked 
| 176|0x000000070c000000, 0x000000070c000000, 0x000000070c100000|  0%| F|  |TAMS 0x000000070c000000, 0x000000070c000000| Untracked 
| 177|0x000000070c100000, 0x000000070c100000, 0x000000070c200000|  0%| F|  |TAMS 0x000000070c100000, 0x000000070c100000| Untracked 
| 178|0x000000070c200000, 0x000000070c200000, 0x000000070c300000|  0%| F|  |TAMS 0x000000070c200000, 0x000000070c200000| Untracked 
| 179|0x000000070c300000, 0x000000070c300000, 0x000000070c400000|  0%| F|  |TAMS 0x000000070c300000, 0x000000070c300000| Untracked 
| 180|0x000000070c400000, 0x000000070c400000, 0x000000070c500000|  0%| F|  |TAMS 0x000000070c400000, 0x000000070c400000| Untracked 
| 181|0x000000070c500000, 0x000000070c500000, 0x000000070c600000|  0%| F|  |TAMS 0x000000070c500000, 0x000000070c500000| Untracked 
| 182|0x000000070c600000, 0x000000070c600000, 0x000000070c700000|  0%| F|  |TAMS 0x000000070c600000, 0x000000070c600000| Untracked 
| 183|0x000000070c700000, 0x000000070c700000, 0x000000070c800000|  0%| F|  |TAMS 0x000000070c700000, 0x000000070c700000| Untracked 
| 184|0x000000070c800000, 0x000000070c800000, 0x000000070c900000|  0%| F|  |TAMS 0x000000070c800000, 0x000000070c800000| Untracked 
| 185|0x000000070c900000, 0x000000070c900000, 0x000000070ca00000|  0%| F|  |TAMS 0x000000070c900000, 0x000000070c900000| Untracked 
| 186|0x000000070ca00000, 0x000000070ca00000, 0x000000070cb00000|  0%| F|  |TAMS 0x000000070ca00000, 0x000000070ca00000| Untracked 
| 187|0x000000070cb00000, 0x000000070cb00000, 0x000000070cc00000|  0%| F|  |TAMS 0x000000070cb00000, 0x000000070cb00000| Untracked 
| 188|0x000000070cc00000, 0x000000070cc00000, 0x000000070cd00000|  0%| F|  |TAMS 0x000000070cc00000, 0x000000070cc00000| Untracked 
| 189|0x000000070cd00000, 0x000000070cd00000, 0x000000070ce00000|  0%| F|  |TAMS 0x000000070cd00000, 0x000000070cd00000| Untracked 
| 190|0x000000070ce00000, 0x000000070ce00000, 0x000000070cf00000|  0%| F|  |TAMS 0x000000070ce00000, 0x000000070ce00000| Untracked 
| 191|0x000000070cf00000, 0x000000070cf00000, 0x000000070d000000|  0%| F|  |TAMS 0x000000070cf00000, 0x000000070cf00000| Untracked 
| 192|0x000000070d000000, 0x000000070d000000, 0x000000070d100000|  0%| F|  |TAMS 0x000000070d000000, 0x000000070d000000| Untracked 
| 193|0x000000070d100000, 0x000000070d100000, 0x000000070d200000|  0%| F|  |TAMS 0x000000070d100000, 0x000000070d100000| Untracked 
| 194|0x000000070d200000, 0x000000070d200000, 0x000000070d300000|  0%| F|  |TAMS 0x000000070d200000, 0x000000070d200000| Untracked 
| 195|0x000000070d300000, 0x000000070d300000, 0x000000070d400000|  0%| F|  |TAMS 0x000000070d300000, 0x000000070d300000| Untracked 
| 196|0x000000070d400000, 0x000000070d400000, 0x000000070d500000|  0%| F|  |TAMS 0x000000070d400000, 0x000000070d400000| Untracked 
| 197|0x000000070d500000, 0x000000070d500000, 0x000000070d600000|  0%| F|  |TAMS 0x000000070d500000, 0x000000070d500000| Untracked 
| 198|0x000000070d600000, 0x000000070d600000, 0x000000070d700000|  0%| F|  |TAMS 0x000000070d600000, 0x000000070d600000| Untracked 
| 199|0x000000070d700000, 0x000000070d700000, 0x000000070d800000|  0%| F|  |TAMS 0x000000070d700000, 0x000000070d700000| Untracked 
| 200|0x000000070d800000, 0x000000070d800000, 0x000000070d900000|  0%| F|  |TAMS 0x000000070d800000, 0x000000070d800000| Untracked 
| 201|0x000000070d900000, 0x000000070d900000, 0x000000070da00000|  0%| F|  |TAMS 0x000000070d900000, 0x000000070d900000| Untracked 
| 202|0x000000070da00000, 0x000000070da00000, 0x000000070db00000|  0%| F|  |TAMS 0x000000070da00000, 0x000000070da00000| Untracked 
| 203|0x000000070db00000, 0x000000070db00000, 0x000000070dc00000|  0%| F|  |TAMS 0x000000070db00000, 0x000000070db00000| Untracked 
| 204|0x000000070dc00000, 0x000000070dc470a0, 0x000000070dd00000| 27%| S|CS|TAMS 0x000000070dc00000, 0x000000070dc00000| Complete 
| 205|0x000000070dd00000, 0x000000070de00000, 0x000000070de00000|100%| S|CS|TAMS 0x000000070dd00000, 0x000000070dd00000| Complete 
| 206|0x000000070de00000, 0x000000070df00000, 0x000000070df00000|100%| S|CS|TAMS 0x000000070de00000, 0x000000070de00000| Complete 
| 207|0x000000070df00000, 0x000000070e000000, 0x000000070e000000|100%| S|CS|TAMS 0x000000070df00000, 0x000000070df00000| Complete 
| 208|0x000000070e000000, 0x000000070e100000, 0x000000070e100000|100%| S|CS|TAMS 0x000000070e000000, 0x000000070e000000| Complete 
| 209|0x000000070e100000, 0x000000070e200000, 0x000000070e200000|100%| S|CS|TAMS 0x000000070e100000, 0x000000070e100000| Complete 
| 210|0x000000070e200000, 0x000000070e300000, 0x000000070e300000|100%| S|CS|TAMS 0x000000070e200000, 0x000000070e200000| Complete 
| 211|0x000000070e300000, 0x000000070e400000, 0x000000070e400000|100%| S|CS|TAMS 0x000000070e300000, 0x000000070e300000| Complete 
| 212|0x000000070e400000, 0x000000070e500000, 0x000000070e500000|100%| S|CS|TAMS 0x000000070e400000, 0x000000070e400000| Complete 
| 213|0x000000070e500000, 0x000000070e500000, 0x000000070e600000|  0%| F|  |TAMS 0x000000070e500000, 0x000000070e500000| Untracked 
| 214|0x000000070e600000, 0x000000070e600000, 0x000000070e700000|  0%| F|  |TAMS 0x000000070e600000, 0x000000070e600000| Untracked 
| 215|0x000000070e700000, 0x000000070e700000, 0x000000070e800000|  0%| F|  |TAMS 0x000000070e700000, 0x000000070e700000| Untracked 
| 216|0x000000070e800000, 0x000000070e800000, 0x000000070e900000|  0%| F|  |TAMS 0x000000070e800000, 0x000000070e800000| Untracked 
| 217|0x000000070e900000, 0x000000070e900000, 0x000000070ea00000|  0%| F|  |TAMS 0x000000070e900000, 0x000000070e900000| Untracked 
| 218|0x000000070ea00000, 0x000000070ea00000, 0x000000070eb00000|  0%| F|  |TAMS 0x000000070ea00000, 0x000000070ea00000| Untracked 
| 219|0x000000070eb00000, 0x000000070eb00000, 0x000000070ec00000|  0%| F|  |TAMS 0x000000070eb00000, 0x000000070eb00000| Untracked 
| 220|0x000000070ec00000, 0x000000070ec00000, 0x000000070ed00000|  0%| F|  |TAMS 0x000000070ec00000, 0x000000070ec00000| Untracked 
| 221|0x000000070ed00000, 0x000000070ed00000, 0x000000070ee00000|  0%| F|  |TAMS 0x000000070ed00000, 0x000000070ed00000| Untracked 
| 222|0x000000070ee00000, 0x000000070ee00000, 0x000000070ef00000|  0%| F|  |TAMS 0x000000070ee00000, 0x000000070ee00000| Untracked 
| 223|0x000000070ef00000, 0x000000070ef00000, 0x000000070f000000|  0%| F|  |TAMS 0x000000070ef00000, 0x000000070ef00000| Untracked 
| 224|0x000000070f000000, 0x000000070f000000, 0x000000070f100000|  0%| F|  |TAMS 0x000000070f000000, 0x000000070f000000| Untracked 
| 225|0x000000070f100000, 0x000000070f100000, 0x000000070f200000|  0%| F|  |TAMS 0x000000070f100000, 0x000000070f100000| Untracked 
| 226|0x000000070f200000, 0x000000070f200000, 0x000000070f300000|  0%| F|  |TAMS 0x000000070f200000, 0x000000070f200000| Untracked 
| 227|0x000000070f300000, 0x000000070f300000, 0x000000070f400000|  0%| F|  |TAMS 0x000000070f300000, 0x000000070f300000| Untracked 
| 228|0x000000070f400000, 0x000000070f400000, 0x000000070f500000|  0%| F|  |TAMS 0x000000070f400000, 0x000000070f400000| Untracked 
| 229|0x000000070f500000, 0x000000070f500000, 0x000000070f600000|  0%| F|  |TAMS 0x000000070f500000, 0x000000070f500000| Untracked 
| 230|0x000000070f600000, 0x000000070f600000, 0x000000070f700000|  0%| F|  |TAMS 0x000000070f600000, 0x000000070f600000| Untracked 
| 231|0x000000070f700000, 0x000000070f700000, 0x000000070f800000|  0%| F|  |TAMS 0x000000070f700000, 0x000000070f700000| Untracked 
| 232|0x000000070f800000, 0x000000070f800000, 0x000000070f900000|  0%| F|  |TAMS 0x000000070f800000, 0x000000070f800000| Untracked 
| 233|0x000000070f900000, 0x000000070f900000, 0x000000070fa00000|  0%| F|  |TAMS 0x000000070f900000, 0x000000070f900000| Untracked 
| 234|0x000000070fa00000, 0x000000070fa00000, 0x000000070fb00000|  0%| F|  |TAMS 0x000000070fa00000, 0x000000070fa00000| Untracked 
| 235|0x000000070fb00000, 0x000000070fb00000, 0x000000070fc00000|  0%| F|  |TAMS 0x000000070fb00000, 0x000000070fb00000| Untracked 
| 236|0x000000070fc00000, 0x000000070fc00000, 0x000000070fd00000|  0%| F|  |TAMS 0x000000070fc00000, 0x000000070fc00000| Untracked 
| 237|0x000000070fd00000, 0x000000070fd00000, 0x000000070fe00000|  0%| F|  |TAMS 0x000000070fd00000, 0x000000070fd00000| Untracked 
| 238|0x000000070fe00000, 0x000000070fe00000, 0x000000070ff00000|  0%| F|  |TAMS 0x000000070fe00000, 0x000000070fe00000| Untracked 
| 239|0x000000070ff00000, 0x000000070ff00000, 0x0000000710000000|  0%| F|  |TAMS 0x000000070ff00000, 0x000000070ff00000| Untracked 
| 240|0x0000000710000000, 0x0000000710000000, 0x0000000710100000|  0%| F|  |TAMS 0x0000000710000000, 0x0000000710000000| Untracked 
| 241|0x0000000710100000, 0x0000000710100000, 0x0000000710200000|  0%| F|  |TAMS 0x0000000710100000, 0x0000000710100000| Untracked 
| 242|0x0000000710200000, 0x0000000710200000, 0x0000000710300000|  0%| F|  |TAMS 0x0000000710200000, 0x0000000710200000| Untracked 
| 243|0x0000000710300000, 0x0000000710300000, 0x0000000710400000|  0%| F|  |TAMS 0x0000000710300000, 0x0000000710300000| Untracked 
| 244|0x0000000710400000, 0x0000000710400000, 0x0000000710500000|  0%| F|  |TAMS 0x0000000710400000, 0x0000000710400000| Untracked 
| 245|0x0000000710500000, 0x0000000710500000, 0x0000000710600000|  0%| F|  |TAMS 0x0000000710500000, 0x0000000710500000| Untracked 
| 246|0x0000000710600000, 0x0000000710600000, 0x0000000710700000|  0%| F|  |TAMS 0x0000000710600000, 0x0000000710600000| Untracked 
| 247|0x0000000710700000, 0x0000000710700000, 0x0000000710800000|  0%| F|  |TAMS 0x0000000710700000, 0x0000000710700000| Untracked 
| 248|0x0000000710800000, 0x0000000710800000, 0x0000000710900000|  0%| F|  |TAMS 0x0000000710800000, 0x0000000710800000| Untracked 
| 249|0x0000000710900000, 0x0000000710900000, 0x0000000710a00000|  0%| F|  |TAMS 0x0000000710900000, 0x0000000710900000| Untracked 
| 250|0x0000000710a00000, 0x0000000710a00000, 0x0000000710b00000|  0%| F|  |TAMS 0x0000000710a00000, 0x0000000710a00000| Untracked 
| 251|0x0000000710b00000, 0x0000000710b00000, 0x0000000710c00000|  0%| F|  |TAMS 0x0000000710b00000, 0x0000000710b00000| Untracked 
| 252|0x0000000710c00000, 0x0000000710c00000, 0x0000000710d00000|  0%| F|  |TAMS 0x0000000710c00000, 0x0000000710c00000| Untracked 
| 253|0x0000000710d00000, 0x0000000710d00000, 0x0000000710e00000|  0%| F|  |TAMS 0x0000000710d00000, 0x0000000710d00000| Untracked 
| 254|0x0000000710e00000, 0x0000000710e00000, 0x0000000710f00000|  0%| F|  |TAMS 0x0000000710e00000, 0x0000000710e00000| Untracked 
| 255|0x0000000710f00000, 0x0000000710f00000, 0x0000000711000000|  0%| F|  |TAMS 0x0000000710f00000, 0x0000000710f00000| Untracked 

Card table byte_map: [0x0000025e73840000,0x0000025e74040000] _byte_map_base: 0x0000025e70038000

Marking Bits (Prev, Next): (CMBitMap*) 0x0000025e687fdc18, (CMBitMap*) 0x0000025e687fdc58
 Prev Bits: [0x0000025e74840000, 0x0000025e78800000)
 Next Bits: [0x0000025e78800000, 0x0000025e7c7c0000)

Polling page: 0x0000025e68860000

Metaspace:

Usage:
  Non-class:     17.50 MB capacity,    17.12 MB ( 98%) used,   318.02 KB (  2%) free+waste,    68.69 KB ( <1%) overhead. 
      Class:      2.83 MB capacity,     2.56 MB ( 91%) used,   236.90 KB (  8%) free+waste,    36.06 KB (  1%) overhead. 
       Both:     20.33 MB capacity,    19.68 MB ( 97%) used,   554.92 KB (  3%) free+waste,   104.75 KB ( <1%) overhead. 

Virtual space:
  Non-class space:       34.00 MB reserved,      17.50 MB ( 51%) committed 
      Class space:        1.00 GB reserved,       2.88 MB ( <1%) committed 
             Both:        1.03 GB reserved,      20.38 MB (  2%) committed 

Chunk freelists:
   Non-Class:  0 bytes
       Class:  0 bytes
        Both:  0 bytes

MaxMetaspaceSize: 17179869184.00 GB
CompressedClassSpaceSize: 1.00 GB

CodeHeap 'non-profiled nmethods': size=120000Kb used=1028Kb max_used=1028Kb free=118971Kb
 bounds [0x0000025e07ad0000, 0x0000025e07d40000, 0x0000025e0f000000]
CodeHeap 'profiled nmethods': size=120000Kb used=4668Kb max_used=4668Kb free=115332Kb
 bounds [0x0000025e005a0000, 0x0000025e00a30000, 0x0000025e07ad0000]
CodeHeap 'non-nmethods': size=5760Kb used=1467Kb max_used=1541Kb free=4292Kb
 bounds [0x0000025e00000000, 0x0000025e00270000, 0x0000025e005a0000]
 total_blobs=4017 nmethods=2384 adapters=705
 compilation: enabled
              stopped_count=0, restarted_count=0
 full_count=0

Compilation events (20 events):
Event: 3.461 Thread 0x0000025e7fbd9000 2378       4       java.lang.StringUTF16::compress (50 bytes)
Event: 3.464 Thread 0x0000025e7fbda000 nmethod 2376% 0x0000025e00a27c10 code [0x0000025e00a28000, 0x0000025e00a2b200]
Event: 3.464 Thread 0x0000025e7fbda000 2379       3       java.util.concurrent.ConcurrentHashMap$EntryIterator::next (5 bytes)
Event: 3.464 Thread 0x0000025e7fbda000 nmethod 2379 0x0000025e00a2c090 code [0x0000025e00a2c240, 0x0000025e00a2c3f0]
Event: 3.464 Thread 0x0000025e7fbda000 2380       3       java.util.concurrent.ConcurrentHashMap$EntryIterator::next (51 bytes)
Event: 3.464 Thread 0x0000025e7fbda000 nmethod 2380 0x0000025e00a2c490 code [0x0000025e00a2c680, 0x0000025e00a2cc40]
Event: 3.464 Thread 0x0000025e7fbda000 2382       3       java.lang.invoke.InnerClassLambdaMetafactory::<init> (240 bytes)
Event: 3.466 Thread 0x0000025e7fbd9000 nmethod 2378 0x0000025e07bc7f10 code [0x0000025e07bc80a0, 0x0000025e07bc8378]
Event: 3.466 Thread 0x0000025e7fbd9000 2386       4       java.lang.ref.SoftReference::get (29 bytes)
Event: 3.467 Thread 0x0000025e7fbda000 nmethod 2382 0x0000025e07bc8490 code [0x0000025e07bc8940, 0x0000025e07bcafe0]
Event: 3.467 Thread 0x0000025e7fbda000 2387       3       java.security.CodeSource::getCertificates (98 bytes)
Event: 3.467 Thread 0x0000025e7fbd9000 nmethod 2386 0x0000025e07bcbc90 code [0x0000025e07bcbe20, 0x0000025e07bcbf18]
Event: 3.468 Thread 0x0000025e7fbda000 nmethod 2387 0x0000025e00a2ce10 code [0x0000025e00a2d080, 0x0000025e00a2df80]
Event: 3.468 Thread 0x0000025e7fbda000 2381       3       java.lang.invoke.LambdaMetafactory::metafactory (35 bytes)
Event: 3.468 Thread 0x0000025e7fbda000 nmethod 2381 0x0000025e00a2e290 code [0x0000025e00a2e460, 0x0000025e00a2e790]
Event: 3.468 Thread 0x0000025e7fbda000 2383       3       java.lang.invoke.AbstractValidatingLambdaMetafactory::<init> (474 bytes)
Event: 3.472 Thread 0x0000025e7fbda000 nmethod 2383 0x0000025e07bcbf90 code [0x0000025e07bcc600, 0x0000025e07bcff70]
Event: 3.472 Thread 0x0000025e7fbda000 2388       3       jdk.internal.org.objectweb.asm.SymbolTable::putBootstrapMethods (56 bytes)
Event: 3.473 Thread 0x0000025e7fbda000 nmethod 2388 0x0000025e00a2e890 code [0x0000025e00a2ea80, 0x0000025e00a2ee10]
Event: 3.473 Thread 0x0000025e7fbda000 2384   !   3       java.lang.invoke.MethodHandles$Lookup::revealDirect (211 bytes)

GC Heap History (4 events):
Event: 1.077 GC heap before
{Heap before GC invocations=0 (full 0):
 garbage-first heap   total 262144K, used 23552K [0x0000000701000000, 0x0000000800000000)
  region size 1024K, 24 young (24576K), 0 survivors (0K)
 Metaspace       used 7188K, capacity 8387K, committed 8576K, reserved 1056768K
  class space    used 876K, capacity 1036K, committed 1152K, reserved 1048576K
}
Event: 1.081 GC heap after
{Heap after GC invocations=1 (full 0):
 garbage-first heap   total 262144K, used 3992K [0x0000000701000000, 0x0000000800000000)
  region size 1024K, 3 young (3072K), 3 survivors (3072K)
 Metaspace       used 7188K, capacity 8387K, committed 8576K, reserved 1056768K
  class space    used 876K, capacity 1036K, committed 1152K, reserved 1048576K
}
Event: 3.473 GC heap before
{Heap before GC invocations=1 (full 0):
 garbage-first heap   total 262144K, used 52120K [0x0000000701000000, 0x0000000800000000)
  region size 1024K, 43 young (44032K), 3 survivors (3072K)
 Metaspace       used 20155K, capacity 20815K, committed 20864K, reserved 1081344K
  class space    used 2622K, capacity 2895K, committed 2944K, reserved 1048576K
}
Event: 3.485 GC heap after
{Heap after GC invocations=2 (full 0):
 garbage-first heap   total 262144K, used 17588K [0x0000000701000000, 0x0000000800000000)
  region size 1024K, 9 young (9216K), 9 survivors (9216K)
 Metaspace       used 20155K, capacity 20815K, committed 20864K, reserved 1081344K
  class space    used 2622K, capacity 2895K, committed 2944K, reserved 1048576K
}

Deoptimization events (20 events):
Event: 3.379 Thread 0x0000025e0ff30800 DEOPT PACKING pc=0x0000025e007e7136 sp=0x000000c1c73fc5a0
Event: 3.379 Thread 0x0000025e0ff30800 DEOPT UNPACKING pc=0x0000025e0004964e sp=0x000000c1c73fba80 mode 0
Event: 3.379 Thread 0x0000025e0ff30800 DEOPT PACKING pc=0x0000025e009f3db8 sp=0x000000c1c73fc5f0
Event: 3.379 Thread 0x0000025e0ff30800 DEOPT UNPACKING pc=0x0000025e0004964e sp=0x000000c1c73fba80 mode 0
Event: 3.380 Thread 0x0000025e0ff30800 DEOPT PACKING pc=0x0000025e007e7c11 sp=0x000000c1c73fc590
Event: 3.380 Thread 0x0000025e0ff30800 DEOPT UNPACKING pc=0x0000025e0004964e sp=0x000000c1c73fba80 mode 0
Event: 3.380 Thread 0x0000025e0ff30800 DEOPT PACKING pc=0x0000025e007e7c11 sp=0x000000c1c73fc590
Event: 3.380 Thread 0x0000025e0ff30800 DEOPT UNPACKING pc=0x0000025e0004964e sp=0x000000c1c73fba80 mode 0
Event: 3.384 Thread 0x0000025e0ff30800 Uncommon trap: trap_request=0xffffff45 fr.pc=0x0000025e07bae87c relative=0x000000000000023c
Event: 3.384 Thread 0x0000025e0ff30800 Uncommon trap: reason=unstable_if action=reinterpret pc=0x0000025e07bae87c method=java.util.regex.Matcher.reset()Ljava/util/regex/Matcher; @ 71 c2
Event: 3.384 Thread 0x0000025e0ff30800 DEOPT PACKING pc=0x0000025e07bae87c sp=0x000000c1c73fc6f0
Event: 3.384 Thread 0x0000025e0ff30800 DEOPT UNPACKING pc=0x0000025e0004912f sp=0x000000c1c73fc678 mode 2
Event: 3.415 Thread 0x0000025e0ff30800 Uncommon trap: trap_request=0xffffff45 fr.pc=0x0000025e07babbf4 relative=0x0000000000000594
Event: 3.415 Thread 0x0000025e0ff30800 Uncommon trap: reason=unstable_if action=reinterpret pc=0x0000025e07babbf4 method=java.util.HashMap$HashIterator.<init>(Ljava/util/HashMap;)V @ 45 c2
Event: 3.415 Thread 0x0000025e0ff30800 DEOPT PACKING pc=0x0000025e07babbf4 sp=0x000000c1c73fc6f0
Event: 3.415 Thread 0x0000025e0ff30800 DEOPT UNPACKING pc=0x0000025e0004912f sp=0x000000c1c73fc578 mode 2
Event: 3.415 Thread 0x0000025e0ff30800 Uncommon trap: trap_request=0xffffff45 fr.pc=0x0000025e07ba9cb0 relative=0x0000000000000290
Event: 3.415 Thread 0x0000025e0ff30800 Uncommon trap: reason=unstable_if action=reinterpret pc=0x0000025e07ba9cb0 method=java.util.HashMap$HashIterator.<init>(Ljava/util/HashMap;)V @ 45 c2
Event: 3.415 Thread 0x0000025e0ff30800 DEOPT PACKING pc=0x0000025e07ba9cb0 sp=0x000000c1c73fc690
Event: 3.415 Thread 0x0000025e0ff30800 DEOPT UNPACKING pc=0x0000025e0004912f sp=0x000000c1c73fc580 mode 2

Classes unloaded (0 events):
No events

Classes redefined (0 events):
No events

Internal exceptions (20 events):
Event: 1.088 Thread 0x0000025e0ff30800 Exception <a 'java/lang/NullPointerException'{0x0000000710f895c0}> (0x0000000710f895c0) 
thrown [t:/workspace/open/src/hotspot/share/interpreter/linkResolver.cpp, line 1349]
Event: 1.245 Thread 0x0000025e0ff30800 Exception <a 'java/lang/NoSuchMethodError'{0x00000007108fb5c0}: 'void java.lang.invoke.DirectMethodHandle$Holder.invokeStaticInit(java.lang.Object, java.lang.Object)'> (0x00000007108fb5c0) 
thrown [t:/workspace/open/src/hotspot/share/interpreter/linkResolver.cpp, line 767]
Event: 1.388 Thread 0x0000025e0ff30800 Exception <a 'sun/nio/fs/WindowsException'{0x00000007104a31c8}> (0x00000007104a31c8) 
thrown [t:/workspace/open/src/hotspot/share/prims/jni.cpp, line 598]
Event: 1.411 Thread 0x0000025e0ff30800 Exception <a 'java/io/FileNotFoundException'{0x0000000710347fb0}> (0x0000000710347fb0) 
thrown [t:/workspace/open/src/hotspot/share/prims/jni.cpp, line 598]
Event: 1.628 Thread 0x0000025e0ff30800 Exception <a 'java/lang/NoSuchMethodError'{0x000000070fe9e7b8}: 'java.lang.Object java.lang.invoke.Invokers$Holder.linkToTargetMethod(java.lang.Object, int, java.lang.Object)'> (0x000000070fe9e7b8) 
thrown [t:/workspace/open/src/hotspot/share/interpreter/linkResolver.cpp, line 767]
Event: 1.651 Thread 0x0000025e0ff30800 Exception <a 'java/lang/NoSuchMethodError'{0x000000070fd39758}: 'java.lang.Object java.lang.invoke.DirectMethodHandle$Holder.invokeInterface(java.lang.Object, java.lang.Object, java.lang.Object)'> (0x000000070fd39758) 
thrown [t:/workspace/open/src/hotspot/share/interpreter/linkResolver.cpp, line 767]
Event: 1.652 Thread 0x0000025e0ff30800 Exception <a 'java/lang/IncompatibleClassChangeError'{0x000000070fd3c5e8}: Found class java.lang.Object, but interface was expected> (0x000000070fd3c5e8) 
thrown [t:/workspace/open/src/hotspot/share/interpreter/linkResolver.cpp, line 833]
Event: 1.731 Thread 0x0000025e0fe0a000 Exception <a 'java/lang/NoSuchMethodError'{0x000000070fb99cd8}: 'int java.lang.invoke.DirectMethodHandle$Holder.invokeStaticInit(java.lang.Object, java.lang.Object)'> (0x000000070fb99cd8) 
thrown [t:/workspace/open/src/hotspot/share/interpreter/linkResolver.cpp, line 767]
Event: 2.667 Thread 0x0000025e0ff30800 Exception <a 'sun/nio/fs/WindowsException'{0x000000070f49beb8}> (0x000000070f49beb8) 
thrown [t:/workspace/open/src/hotspot/share/prims/jni.cpp, line 598]
Event: 2.719 Thread 0x0000025e0ff30800 Exception <a 'java/lang/NoSuchMethodError'{0x000000070f378158}: 'java.lang.Object java.lang.invoke.DirectMethodHandle$Holder.invokeStaticInit(java.lang.Object, int, int, int, int)'> (0x000000070f378158) 
thrown [t:/workspace/open/src/hotspot/share/interpreter/linkResolver.cpp, line 767]
Event: 2.720 Thread 0x0000025e0ff30800 Exception <a 'sun/nio/fs/WindowsException'{0x000000070f37dc90}> (0x000000070f37dc90) 
thrown [t:/workspace/open/src/hotspot/share/prims/jni.cpp, line 598]
Event: 2.726 Thread 0x0000025e0ff30800 Exception <a 'java/lang/NoSuchMethodError'{0x000000070f39d7e8}: 'int java.lang.invoke.DirectMethodHandle$Holder.invokeStaticInit(java.lang.Object, java.lang.Object, java.lang.Object, java.lang.Object)'> (0x000000070f39d7e8) 
thrown [t:/workspace/open/src/hotspot/share/interpreter/linkResolver.cpp, line 767]
Event: 2.957 Thread 0x0000025e0ff30800 Exception <a 'java/lang/NoSuchMethodError'{0x000000070ed598b8}: 'java.lang.Object java.lang.invoke.DirectMethodHandle$Holder.invokeStaticInit(java.lang.Object, java.lang.Object, int, int, int, int)'> (0x000000070ed598b8) 
thrown [t:/workspace/open/src/hotspot/share/interpreter/linkResolver.cpp, line 767]
Event: 3.338 Thread 0x0000025e0ff30800 Exception <a 'java/lang/NoSuchMethodError'{0x000000070e836518}: 'long java.lang.invoke.DirectMethodHandle$Holder.invokeStatic(java.lang.Object, java.lang.Object, java.lang.Object)'> (0x000000070e836518) 
thrown [t:/workspace/open/src/hotspot/share/interpreter/linkResolver.cpp, line 767]
Event: 3.339 Thread 0x0000025e0ff30800 Exception <a 'java/lang/NoSuchMethodError'{0x000000070e8391c0}: 'long java.lang.invoke.DirectMethodHandle$Holder.invokeStaticInit(java.lang.Object, java.lang.Object, java.lang.Object)'> (0x000000070e8391c0) 
thrown [t:/workspace/open/src/hotspot/share/interpreter/linkResolver.cpp, line 767]
Event: 3.342 Thread 0x0000025e0ff30800 Exception <a 'java/lang/NoSuchMethodError'{0x000000070e84d400}: 'java.lang.Object java.lang.invoke.Invokers$Holder.linkToTargetMethod(java.lang.Object, long, java.lang.Object)'> (0x000000070e84d400) 
thrown [t:/workspace/open/src/hotspot/share/interpreter/linkResolver.cpp, line 767]
Event: 3.423 Thread 0x0000025e0ff30800 Exception <a 'java/io/FileNotFoundException'{0x000000070e7d4888}> (0x000000070e7d4888) 
thrown [t:/workspace/open/src/hotspot/share/prims/jni.cpp, line 598]
Event: 3.460 Thread 0x0000025e0ff30800 Exception <a 'java/lang/ClassNotFoundException'{0x000000070e6f0880}: com/sun/javafx/scene/control/skin/resources/controls> (0x000000070e6f0880) 
thrown [t:/workspace/open/src/hotspot/share/prims/jni.cpp, line 619]
Event: 3.462 Thread 0x0000025e0ff30800 Exception <a 'java/lang/ClassNotFoundException'{0x000000070e6fe338}: com/sun/javafx/scene/control/skin/resources/controls_en> (0x000000070e6fe338) 
thrown [t:/workspace/open/src/hotspot/share/prims/jni.cpp, line 619]
Event: 3.462 Thread 0x0000025e0ff30800 Exception <a 'java/lang/ClassNotFoundException'{0x000000070e6ff500}: com/sun/javafx/scene/control/skin/resources/controls_en_US> (0x000000070e6ff500) 
thrown [t:/workspace/open/src/hotspot/share/prims/jni.cpp, line 619]

Events (20 events):
Event: 3.470 loading class com/sun/javafx/scene/control/behavior/TextInputControlBehavior done
Event: 3.470 loading class javafx/scene/input/KeyEvent
Event: 3.470 loading class javafx/scene/input/KeyEvent done
Event: 3.471 loading class javafx/scene/control/TextInputControl
Event: 3.471 loading class javafx/scene/control/TextInputControl done
Event: 3.471 loading class javafx/scene/control/TextInputControl
Event: 3.471 loading class javafx/scene/control/TextInputControl done
Event: 3.472 loading class javafx/scene/control/TextInputControl
Event: 3.472 loading class javafx/scene/control/TextInputControl done
Event: 3.472 loading class javafx/scene/control/TextInputControl
Event: 3.472 loading class javafx/scene/control/TextInputControl done
Event: 3.473 loading class com/sun/javafx/scene/control/behavior/TextInputControlBehavior
Event: 3.473 loading class com/sun/javafx/scene/control/behavior/TextInputControlBehavior done
Event: 3.473 loading class javafx/scene/input/KeyEvent
Event: 3.473 loading class javafx/scene/input/KeyEvent done
Event: 3.473 loading class com/sun/javafx/scene/control/behavior/TextInputControlBehavior
Event: 3.473 loading class com/sun/javafx/scene/control/behavior/TextInputControlBehavior done
Event: 3.473 loading class javafx/scene/input/KeyEvent
Event: 3.473 loading class javafx/scene/input/KeyEvent done
Event: 3.473 Executing VM operation: CollectForMetadataAllocation


Dynamic libraries:
0x00007ff79dcc0000 - 0x00007ff79dccf000 	D:\Program Files\JavaSE13\bin\java.exe
0x00007ffc71840000 - 0x00007ffc71a30000 	C:\WINDOWS\SYSTEM32\ntdll.dll
0x00007ffc71380000 - 0x00007ffc71432000 	C:\WINDOWS\System32\KERNEL32.DLL
0x00007ffc6eb10000 - 0x00007ffc6edb3000 	C:\WINDOWS\System32\KERNELBASE.dll
0x00007ffc6ef20000 - 0x00007ffc6f01a000 	C:\WINDOWS\System32\ucrtbase.dll
0x00007ffc57740000 - 0x00007ffc57758000 	D:\Program Files\JavaSE13\bin\jli.dll
0x00007ffc57660000 - 0x00007ffc57675000 	D:\Program Files\JavaSE13\bin\VCRUNTIME140.dll
0x00007ffc716f0000 - 0x00007ffc71793000 	C:\WINDOWS\System32\ADVAPI32.dll
0x00007ffc6fca0000 - 0x00007ffc6fd3e000 	C:\WINDOWS\System32\msvcrt.dll
0x00007ffc70af0000 - 0x00007ffc70b87000 	C:\WINDOWS\System32\sechost.dll
0x00007ffc711a0000 - 0x00007ffc712c0000 	C:\WINDOWS\System32\RPCRT4.dll
0x00007ffc71000000 - 0x00007ffc71194000 	C:\WINDOWS\System32\USER32.dll
0x00007ffc6eef0000 - 0x00007ffc6ef11000 	C:\WINDOWS\System32\win32u.dll
0x00007ffc65640000 - 0x00007ffc658c5000 	C:\WINDOWS\WinSxS\amd64_microsoft.windows.common-controls_6595b64144ccf1df_6.0.18362.778_none_e6c6b761130d4fb8\COMCTL32.dll
0x00007ffc70210000 - 0x00007ffc70236000 	C:\WINDOWS\System32\GDI32.dll
0x00007ffc6f8f0000 - 0x00007ffc6fc26000 	C:\WINDOWS\System32\combase.dll
0x00007ffc6e970000 - 0x00007ffc6eb04000 	C:\WINDOWS\System32\gdi32full.dll
0x00007ffc6f850000 - 0x00007ffc6f8ee000 	C:\WINDOWS\System32\msvcp_win.dll
0x00007ffc6f020000 - 0x00007ffc6f0a0000 	C:\WINDOWS\System32\bcryptPrimitives.dll
0x00007ffc69d90000 - 0x00007ffc69d9a000 	C:\WINDOWS\SYSTEM32\VERSION.dll
0x00007ffc70030000 - 0x00007ffc7005e000 	C:\WINDOWS\System32\IMM32.DLL
0x00007ffc4cf00000 - 0x00007ffc4cf9b000 	D:\Program Files\JavaSE13\bin\msvcp140.dll
0x00007ffc39bf0000 - 0x00007ffc3a74d000 	D:\Program Files\JavaSE13\bin\server\jvm.dll
0x00007ffc70a80000 - 0x00007ffc70a88000 	C:\WINDOWS\System32\PSAPI.DLL
0x00007ffc58900000 - 0x00007ffc58909000 	C:\WINDOWS\SYSTEM32\WSOCK32.dll
0x00007ffc6ff40000 - 0x00007ffc6ffaf000 	C:\WINDOWS\System32\WS2_32.dll
0x00007ffc6ac10000 - 0x00007ffc6ac34000 	C:\WINDOWS\SYSTEM32\WINMM.dll
0x00007ffc6aba0000 - 0x00007ffc6abcd000 	C:\WINDOWS\SYSTEM32\WINMMBASE.dll
0x00007ffc6e920000 - 0x00007ffc6e96a000 	C:\WINDOWS\System32\cfgmgr32.dll
0x00007ffc6e730000 - 0x00007ffc6e741000 	C:\WINDOWS\System32\kernel.appcore.dll
0x00007ffc637d0000 - 0x00007ffc637e0000 	D:\Program Files\JavaSE13\bin\verify.dll
0x00007ffc6cf90000 - 0x00007ffc6d184000 	C:\WINDOWS\SYSTEM32\DBGHELP.DLL
0x00007ffc5a5f0000 - 0x00007ffc5a61a000 	C:\WINDOWS\SYSTEM32\dbgcore.DLL
0x00007ffc54030000 - 0x00007ffc54056000 	D:\Program Files\JavaSE13\bin\java.dll
0x00007ffc60af0000 - 0x00007ffc60afe000 	D:\Program Files\JavaSE13\bin\instrument.dll
0x00007ffc57600000 - 0x00007ffc57617000 	D:\Program Files\JavaSE13\bin\zip.dll
0x00007ffc62ca0000 - 0x00007ffc62caa000 	D:\Program Files\JavaSE13\bin\jimage.dll
0x00007ffc70240000 - 0x00007ffc70925000 	C:\WINDOWS\System32\SHELL32.dll
0x00007ffc712c0000 - 0x00007ffc71369000 	C:\WINDOWS\System32\shcore.dll
0x00007ffc6f0a0000 - 0x00007ffc6f820000 	C:\WINDOWS\System32\windows.storage.dll
0x00007ffc6e750000 - 0x00007ffc6e773000 	C:\WINDOWS\System32\profapi.dll
0x00007ffc6e780000 - 0x00007ffc6e7ca000 	C:\WINDOWS\System32\powrprof.dll
0x00007ffc6e700000 - 0x00007ffc6e710000 	C:\WINDOWS\System32\UMPDC.dll
0x00007ffc6fee0000 - 0x00007ffc6ff32000 	C:\WINDOWS\System32\shlwapi.dll
0x00007ffc6edc0000 - 0x00007ffc6edd7000 	C:\WINDOWS\System32\cryptsp.dll
0x00007ffc57410000 - 0x00007ffc57429000 	D:\Program Files\JavaSE13\bin\net.dll
0x00007ffc67a30000 - 0x00007ffc67b20000 	C:\WINDOWS\SYSTEM32\WINHTTP.dll
0x00007ffc6df70000 - 0x00007ffc6dfd7000 	C:\WINDOWS\system32\mswsock.dll
0x00007ffc56c60000 - 0x00007ffc56c73000 	D:\Program Files\JavaSE13\bin\nio.dll
0x00007ffc5af30000 - 0x00007ffc5af4a000 	D:\Programs\IntelliJ IDEA\bin\breakgen64.dll
0x0000025e108f0000 - 0x0000025e108f3000 	D:\Program Files\JavaSE13\bin\api-ms-win-core-console-l1-1-0.dll
0x0000025e10900000 - 0x0000025e10903000 	D:\Program Files\JavaSE13\bin\api-ms-win-core-datetime-l1-1-0.dll
0x0000025e10910000 - 0x0000025e10913000 	D:\Program Files\JavaSE13\bin\api-ms-win-core-debug-l1-1-0.dll
0x0000025e10920000 - 0x0000025e10923000 	D:\Program Files\JavaSE13\bin\api-ms-win-core-errorhandling-l1-1-0.dll
0x0000025e10930000 - 0x0000025e10934000 	D:\Program Files\JavaSE13\bin\api-ms-win-core-file-l1-1-0.dll
0x0000025e10940000 - 0x0000025e10943000 	D:\Program Files\JavaSE13\bin\api-ms-win-core-file-l1-2-0.dll
0x0000025e10950000 - 0x0000025e10953000 	D:\Program Files\JavaSE13\bin\api-ms-win-core-file-l2-1-0.dll
0x0000025e10960000 - 0x0000025e10963000 	D:\Program Files\JavaSE13\bin\api-ms-win-core-handle-l1-1-0.dll
0x0000025e10970000 - 0x0000025e10973000 	D:\Program Files\JavaSE13\bin\api-ms-win-core-heap-l1-1-0.dll
0x0000025e10980000 - 0x0000025e10983000 	D:\Program Files\JavaSE13\bin\api-ms-win-core-interlocked-l1-1-0.dll
0x0000025e10990000 - 0x0000025e10993000 	D:\Program Files\JavaSE13\bin\api-ms-win-core-libraryloader-l1-1-0.dll
0x0000025e109a0000 - 0x0000025e109a3000 	D:\Program Files\JavaSE13\bin\api-ms-win-core-localization-l1-2-0.dll
0x0000025e109b0000 - 0x0000025e109b3000 	D:\Program Files\JavaSE13\bin\api-ms-win-core-memory-l1-1-0.dll
0x0000025e109c0000 - 0x0000025e109c3000 	D:\Program Files\JavaSE13\bin\api-ms-win-core-namedpipe-l1-1-0.dll
0x0000025e109d0000 - 0x0000025e109d3000 	D:\Program Files\JavaSE13\bin\api-ms-win-core-processenvironment-l1-1-0.dll
0x0000025e109e0000 - 0x0000025e109e3000 	D:\Program Files\JavaSE13\bin\api-ms-win-core-processthreads-l1-1-0.dll
0x0000025e109f0000 - 0x0000025e109f3000 	D:\Program Files\JavaSE13\bin\api-ms-win-core-processthreads-l1-1-1.dll
0x0000025e10a00000 - 0x0000025e10a03000 	D:\Program Files\JavaSE13\bin\api-ms-win-core-profile-l1-1-0.dll
0x0000025e10a10000 - 0x0000025e10a13000 	D:\Program Files\JavaSE13\bin\api-ms-win-core-rtlsupport-l1-1-0.dll
0x0000025e10a20000 - 0x0000025e10a23000 	D:\Program Files\JavaSE13\bin\api-ms-win-core-string-l1-1-0.dll
0x0000025e10a30000 - 0x0000025e10a33000 	D:\Program Files\JavaSE13\bin\api-ms-win-core-synch-l1-1-0.dll
0x0000025e10a40000 - 0x0000025e10a43000 	D:\Program Files\JavaSE13\bin\api-ms-win-core-synch-l1-2-0.dll
0x0000025e10a50000 - 0x0000025e10a53000 	D:\Program Files\JavaSE13\bin\api-ms-win-core-sysinfo-l1-1-0.dll
0x0000025e10a60000 - 0x0000025e10a63000 	D:\Program Files\JavaSE13\bin\api-ms-win-core-timezone-l1-1-0.dll
0x0000025e10a70000 - 0x0000025e10a73000 	D:\Program Files\JavaSE13\bin\api-ms-win-core-util-l1-1-0.dll
0x0000025e10a80000 - 0x0000025e10a83000 	D:\Program Files\JavaSE13\bin\api-ms-win-crt-conio-l1-1-0.dll
0x0000025e10a90000 - 0x0000025e10a94000 	D:\Program Files\JavaSE13\bin\api-ms-win-crt-convert-l1-1-0.dll
0x0000025e10aa0000 - 0x0000025e10aa3000 	D:\Program Files\JavaSE13\bin\api-ms-win-crt-environment-l1-1-0.dll
0x0000025e10ab0000 - 0x0000025e10ab3000 	D:\Program Files\JavaSE13\bin\api-ms-win-crt-filesystem-l1-1-0.dll
0x0000025e10ac0000 - 0x0000025e10ac3000 	D:\Program Files\JavaSE13\bin\api-ms-win-crt-heap-l1-1-0.dll
0x0000025e10ad0000 - 0x0000025e10ad3000 	D:\Program Files\JavaSE13\bin\api-ms-win-crt-locale-l1-1-0.dll
0x0000025e10e60000 - 0x0000025e10e65000 	D:\Program Files\JavaSE13\bin\api-ms-win-crt-math-l1-1-0.dll
0x0000025e10e70000 - 0x0000025e10e75000 	D:\Program Files\JavaSE13\bin\api-ms-win-crt-multibyte-l1-1-0.dll
0x0000025e10e80000 - 0x0000025e10e90000 	D:\Program Files\JavaSE13\bin\api-ms-win-crt-private-l1-1-0.dll
0x0000025e10e90000 - 0x0000025e10e93000 	D:\Program Files\JavaSE13\bin\api-ms-win-crt-process-l1-1-0.dll
0x0000025e10ea0000 - 0x0000025e10ea4000 	D:\Program Files\JavaSE13\bin\api-ms-win-crt-runtime-l1-1-0.dll
0x0000025e10eb0000 - 0x0000025e10eb4000 	D:\Program Files\JavaSE13\bin\api-ms-win-crt-stdio-l1-1-0.dll
0x0000025e10ec0000 - 0x0000025e10ec4000 	D:\Program Files\JavaSE13\bin\api-ms-win-crt-string-l1-1-0.dll
0x0000025e10ed0000 - 0x0000025e10ed3000 	D:\Program Files\JavaSE13\bin\api-ms-win-crt-time-l1-1-0.dll
0x0000025e10ee0000 - 0x0000025e10ee3000 	D:\Program Files\JavaSE13\bin\api-ms-win-crt-utility-l1-1-0.dll
0x00007ffc49bd0000 - 0x00007ffc49ccc000 	D:\Program Files\JavaSE13\bin\ucrtbase.dll
0x00007ffc4d060000 - 0x00007ffc4d0b2000 	C:\Windows\System32\concrt140.dll
0x00007ffc545b0000 - 0x00007ffc545d3000 	C:\Users\Admin\.openjfx\cache\11\prism_d3d.dll
0x00007ffc63df0000 - 0x00007ffc63fb7000 	C:\WINDOWS\system32\d3d9.dll
0x00007ffc6ca70000 - 0x00007ffc6ca9d000 	C:\WINDOWS\SYSTEM32\dwmapi.dll
0x00007ffc6d370000 - 0x00007ffc6d390000 	C:\WINDOWS\SYSTEM32\dxcore.dll
0x00007ffc6c5b0000 - 0x00007ffc6c649000 	C:\WINDOWS\system32\uxtheme.dll
0x00007ffc65cf0000 - 0x00007ffc65dde000 	C:\WINDOWS\System32\DriverStore\FileRepository\nv_dispi.inf_amd64_db678424d2641c3d\nvldumdx.dll
0x00007ffc6e7d0000 - 0x00007ffc6e919000 	C:\WINDOWS\System32\crypt32.dll
0x00007ffc6e710000 - 0x00007ffc6e722000 	C:\WINDOWS\System32\MSASN1.dll
0x00007ffc6ede0000 - 0x00007ffc6ee3c000 	C:\WINDOWS\System32\WINTRUST.DLL
0x00007ffc71440000 - 0x00007ffc7145d000 	C:\WINDOWS\System32\imagehlp.dll
0x00007ffc6dae0000 - 0x00007ffc6db13000 	C:\WINDOWS\system32\rsaenh.dll
0x00007ffc6f820000 - 0x00007ffc6f846000 	C:\WINDOWS\System32\bcrypt.dll
0x00007ffc6e140000 - 0x00007ffc6e14c000 	C:\WINDOWS\SYSTEM32\CRYPTBASE.dll
0x00007ffc2e3a0000 - 0x00007ffc2f83b000 	C:\WINDOWS\System32\DriverStore\FileRepository\nv_dispi.inf_amd64_db678424d2641c3d\nvd3dumx.dll
0x00007ffc4e5e0000 - 0x00007ffc4e625000 	C:\Users\Admin\.openjfx\cache\11\glass.dll
0x00007ffc6fd40000 - 0x00007ffc6fe10000 	C:\WINDOWS\System32\COMDLG32.dll
0x00007ffc71590000 - 0x00007ffc716e7000 	C:\WINDOWS\System32\ole32.dll
0x00007ffc6fe10000 - 0x00007ffc6fed4000 	C:\WINDOWS\System32\OLEAUT32.dll
0x00007ffc70940000 - 0x00007ffc70a76000 	C:\WINDOWS\System32\MSCTF.dll
0x00007ffc46c80000 - 0x00007ffc46f44000 	C:\WINDOWS\system32\nvspcap64.dll
0x00007ffc6d8d0000 - 0x00007ffc6d901000 	C:\WINDOWS\SYSTEM32\ntmarta.dll
0x00007ffc6d320000 - 0x00007ffc6d342000 	C:\WINDOWS\SYSTEM32\gpapi.dll
0x00007ffc64890000 - 0x00007ffc648bf000 	C:\WINDOWS\SYSTEM32\cryptnet.dll
0x00007ffc53b60000 - 0x00007ffc53b74000 	C:\Users\Admin\.openjfx\cache\11\javafx_font.dll
0x00007ffc58910000 - 0x00007ffc58c0e000 	C:\WINDOWS\SYSTEM32\dwrite.dll
0x00007ffc714e0000 - 0x00007ffc71582000 	C:\WINDOWS\System32\clbcatq.dll
0x00007ffc68f40000 - 0x00007ffc690ef000 	C:\WINDOWS\SYSTEM32\WindowsCodecs.dll
0x00007ffc60c30000 - 0x00007ffc60c6a000 	C:\WINDOWS\system32\dataexchange.dll
0x00007ffc6b4d0000 - 0x00007ffc6b72b000 	C:\WINDOWS\system32\d3d11.dll
0x00007ffc6bbc0000 - 0x00007ffc6bd9c000 	C:\WINDOWS\system32\dcomp.dll
0x00007ffc6d400000 - 0x00007ffc6d4eb000 	C:\WINDOWS\system32\dxgi.dll
0x00007ffc6c710000 - 0x00007ffc6c96a000 	C:\WINDOWS\system32\twinapi.appcore.dll
0x00007ffc6cb80000 - 0x00007ffc6cba9000 	C:\WINDOWS\system32\RMCLIENT.dll
0x00007ffc575c0000 - 0x00007ffc575f3000 	C:\Program Files\Common Files\Microsoft Shared\Ink\rtscom.dll
0x00007ffc5ce40000 - 0x00007ffc5cede000 	C:\WINDOWS\System32\TextInputFramework.dll
0x00007ffc6c260000 - 0x00007ffc6c334000 	C:\WINDOWS\System32\CoreMessaging.dll

dbghelp: loaded successfully - version: 4.0.5 - missing functions: none
symbol engine: initialized successfully - sym options: 0x614 - pdb path: .;D:\Program Files\JavaSE13\bin;C:\WINDOWS\SYSTEM32;C:\WINDOWS\WinSxS\amd64_microsoft.windows.common-controls_6595b64144ccf1df_6.0.18362.778_none_e6c6b761130d4fb8;D:\Program Files\JavaSE13\bin\server;D:\Programs\IntelliJ IDEA\bin;C:\Users\Admin\.openjfx\cache\11;C:\WINDOWS\System32\DriverStore\FileRepository\nv_dispi.inf_amd64_db678424d2641c3d;C:\Program Files\Common Files\Microsoft Shared\Ink

VM Arguments:
jvm_args: --add-modules=javafx.base,javafx.graphics --add-reads=javafx.base=ALL-UNNAMED --add-reads=javafx.graphics=ALL-UNNAMED -javaagent:D:\Programs\IntelliJ IDEA\lib\idea_rt.jar=55787:D:\Programs\IntelliJ IDEA\bin -Dfile.encoding=UTF-8 --module-path=C:\Users\Admin\.m2\repository\org\openjfx\javafx-base\11\javafx-base-11-win.jar;C:\Users\Admin\.m2\repository\org\openjfx\javafx-graphics\11\javafx-graphics-11-win.jar;D:\Programs\InteliJ Workbench\1DV508\merge\target\classes;C:\Users\Admin\.m2\repository\mysql\mysql-connector-java\8.0.19\mysql-connector-java-8.0.19.jar;C:\Users\Admin\.m2\repository\com\google\protobuf\protobuf-java\3.6.1\protobuf-java-3.6.1.jar;C:\Users\Admin\.m2\repository\org\openjfx\javafx-controls\11\javafx-controls-11.jar;C:\Users\Admin\.m2\repository\org\openjfx\javafx-controls\11\javafx-controls-11-win.jar;C:\Users\Admin\.m2\repository\org\openjfx\javafx-graphics\11\javafx-graphics-11.jar;C:\Users\Admin\.m2\repository\org\openjfx\javafx-base\11\javafx-base-11.jar;C:\Users\Admin\.m2\repository\org\openjfx\javafx-fxml\11\javafx-fxml-11.jar;C:\Users\Admin\.m2\repository\org\openjfx\javafx-fxml\11\javafx-fxml-11-win.jar -Djdk.module.main=org.example 
java_command: org.example/org.example.App
java_class_path (initial): <not set>
Launcher Type: SUN_STANDARD

[Global flags]
     intx CICompilerCount                          = 4                                         {product} {ergonomic}
     uint ConcGCThreads                            = 2                                         {product} {ergonomic}
     uint G1ConcRefinementThreads                  = 8                                         {product} {ergonomic}
   size_t G1HeapRegionSize                         = 1048576                                   {product} {ergonomic}
    uintx GCDrainStackTargetSize                   = 64                                        {product} {ergonomic}
   size_t InitialHeapSize                          = 268435456                                 {product} {ergonomic}
   size_t MarkStackSize                            = 4194304                                   {product} {ergonomic}
   size_t MaxHeapSize                              = 4278190080                                {product} {ergonomic}
   size_t MaxNewSize                               = 2566914048                                {product} {ergonomic}
   size_t MinHeapDeltaBytes                        = 1048576                                   {product} {ergonomic}
   size_t MinHeapSize                              = 8388608                                   {product} {ergonomic}
    uintx NonNMethodCodeHeapSize                   = 5839372                                {pd product} {ergonomic}
    uintx NonProfiledCodeHeapSize                  = 122909434                              {pd product} {ergonomic}
    uintx ProfiledCodeHeapSize                     = 122909434                              {pd product} {ergonomic}
    uintx ReservedCodeCacheSize                    = 251658240                              {pd product} {ergonomic}
     bool SegmentedCodeCache                       = true                                      {product} {ergonomic}
   size_t SoftMaxHeapSize                          = 4278190080                             {manageable} {ergonomic}
     bool UseCompressedClassPointers               = true                                 {lp64_product} {ergonomic}
     bool UseCompressedOops                        = true                                 {lp64_product} {ergonomic}
     bool UseG1GC                                  = true                                      {product} {ergonomic}
     bool UseLargePagesIndividualAllocation        = false                                  {pd product} {ergonomic}

Logging:
Log output configuration:
 #0: stdout all=warning uptime,level,tags
 #1: stderr all=off uptime,level,tags

Environment Variables:
PATH=C:\Program Files (x86)\Common Files\Oracle\Java\javapath;C:\ProgramData\Oracle\Java\javapath;C:\Windows\system32;C:\Windows;C:\Windows\System32\Wbem;C:\Windows\System32\WindowsPowerShell\v1.0\;C:\WINDOWS\system32;C:\WINDOWS;C:\WINDOWS\System32\Wbem;C:\WINDOWS\System32\WindowsPowerShell\v1.0\;C:\Program Files\Microsoft SQL Server\120\Tools\Binn\;C:\Program Files\Common Files\Autodesk Shared\;E:\Program Files (x86)\WorldPainter;C:\Program Files (x86)\QuickTime\QTSystem\;C:\WINDOWS\System32\OpenSSH\;C:\Program Files\NVIDIA Corporation\NVIDIA NvDLISR;C:\Program Files (x86)\NVIDIA Corporation\PhysX\Common;C:\WINDOWS\system32;C:\WINDOWS;C:\WINDOWS\System32\Wbem;C:\WINDOWS\System32\WindowsPowerShell\v1.0\;C:\WINDOWS\System32\OpenSSH\;C:\Program Files\Git\cmd;C:\Users\Admin\AppData\Local\Microsoft\WindowsApps;
USERNAME=Admin
OS=Windows_NT
PROCESSOR_IDENTIFIER=Intel64 Family 6 Model 58 Stepping 9, GenuineIntel



---------------  S Y S T E M  ---------------

OS: Windows 10 , 64 bit Build 18362 (10.0.18362.778)

CPU:total 8 (initial active 8) (4 cores per cpu, 2 threads per core) family 6 model 58 stepping 9, cmov, cx8, fxsr, mmx, sse, sse2, sse3, ssse3, sse4.1, sse4.2, popcnt, avx, aes, clmul, erms, ht, tsc, tscinvbit, tscinv

Memory: 4k page, system-wide physical 16313M (7129M free)
TotalPageFile size 22183M (AvailPageFile size 1M)
current process WorkingSet (physical memory assigned to process): 198M, peak: 198M
current process commit charge ("private bytes"): 464M, peak: 465M

vm_info: Java HotSpot(TM) 64-Bit Server VM (13.0.2+8) for windows-amd64 JRE (13.0.2+8), built on Dec 11 2019 09:20:33 by "mach5one" with unknown MS VC++:1916

END.
